<?xml version="1.0" encoding="UTF-8"?>
<!-- Generated by org.testng.reporters.JUnitReportReporter -->
<testsuite skipped="0" hostname="PUN-3252QT2" name="com.testscripts.GmailAutomationTest" tests="2" failures="0" timestamp="2020-06-08T21:34:00 IST" time="17.144" errors="0">
  <testcase name="irnit1" time="10.341" classname="com.testscripts.GmailAutomationTest"/>
  <testcase name="irnit2" time="6.803" classname="com.testscripts.GmailAutomationTest"/>
</testsuite> <!-- com.testscripts.GmailAutomationTest -->
