<?xml version="1.0" encoding="UTF-8"?>
<!-- Generated by org.testng.reporters.JUnitReportReporter -->
<testsuite skipped="0" hostname="PUN-2YN8H92" name="com.sps.dc4.testscripts.LoginTest" tests="1" failures="0" timestamp="22 Jun 2017 13:58:42 GMT" time="12.095" errors="0">
  <testcase name="successfulLogin" time="12.095" classname="com.sps.dc4.testscripts.LoginTest"/>
</testsuite> <!-- com.sps.dc4.testscripts.LoginTest -->
