<?xml version="1.0" encoding="UTF-8"?>
<!-- Generated by org.testng.reporters.JUnitReportReporter -->
<testsuite skipped="0" hostname="PUN-2YN8H92" name="com.sps.dc4.testscripts.CreateProfileTest" tests="3" failures="0" timestamp="02 Aug 2017 17:31:47 GMT" time="54.415" errors="0">
  <testcase name="init" time="16.381" classname="com.sps.dc4.testscripts.CreateProfileTest"/>
  <testcase name="successfulLogin" time="13.754" classname="com.sps.dc4.testscripts.CreateProfileTest"/>
  <testcase name="successfulLogin" time="24.280" classname="com.sps.dc4.testscripts.CreateProfileTest"/>
</testsuite> <!-- com.sps.dc4.testscripts.CreateProfileTest -->
